C:\keka_intern_files\bookmyshow\cloned\backend\ClientApp\dist\out-tsc\e2e\src\app.po.js
C:\keka_intern_files\bookmyshow\cloned\backend\ClientApp\dist\out-tsc\e2e\src\app.po.js.map
C:\keka_intern_files\bookmyshow\cloned\backend\ClientApp\dist\out-tsc\e2e\src\app.e2e-spec.js
C:\keka_intern_files\bookmyshow\cloned\backend\ClientApp\dist\out-tsc\e2e\src\app.e2e-spec.js.map
C:\keka_intern_files\bookmyshow\cloned\backend\ClientApp\dist\out-tsc\src\app\auth\auth.intercepter.js
C:\keka_intern_files\bookmyshow\cloned\backend\ClientApp\dist\out-tsc\src\app\auth\auth.intercepter.js.map
C:\keka_intern_files\bookmyshow\cloned\backend\ClientApp\dist\out-tsc\src\app\Services\userservice.service.js
C:\keka_intern_files\bookmyshow\cloned\backend\ClientApp\dist\out-tsc\src\app\Services\userservice.service.js.map
C:\keka_intern_files\bookmyshow\cloned\backend\ClientApp\dist\out-tsc\src\app\Services\notification.service.js
C:\keka_intern_files\bookmyshow\cloned\backend\ClientApp\dist\out-tsc\src\app\Services\notification.service.js.map
C:\keka_intern_files\bookmyshow\cloned\backend\ClientApp\dist\out-tsc\src\app\auth\auth.guard.js
C:\keka_intern_files\bookmyshow\cloned\backend\ClientApp\dist\out-tsc\src\app\auth\auth.guard.js.map
C:\keka_intern_files\bookmyshow\cloned\backend\ClientApp\dist\out-tsc\src\app\Models\models.js
C:\keka_intern_files\bookmyshow\cloned\backend\ClientApp\dist\out-tsc\src\app\Models\models.js.map
C:\keka_intern_files\bookmyshow\cloned\backend\ClientApp\dist\out-tsc\src\app\Services\apiservice.service.js
C:\keka_intern_files\bookmyshow\cloned\backend\ClientApp\dist\out-tsc\src\app\Services\apiservice.service.js.map
C:\keka_intern_files\bookmyshow\cloned\backend\ClientApp\dist\out-tsc\src\app\movies\add-movie\add-movie.component.js
C:\keka_intern_files\bookmyshow\cloned\backend\ClientApp\dist\out-tsc\src\app\movies\add-movie\add-movie.component.js.map
C:\keka_intern_files\bookmyshow\cloned\backend\ClientApp\dist\out-tsc\src\app\movies\movies\movies.component.js
C:\keka_intern_files\bookmyshow\cloned\backend\ClientApp\dist\out-tsc\src\app\movies\movies\movies.component.js.map
C:\keka_intern_files\bookmyshow\cloned\backend\ClientApp\dist\out-tsc\src\app\movies\delete-movie\delete-movie.component.js
C:\keka_intern_files\bookmyshow\cloned\backend\ClientApp\dist\out-tsc\src\app\movies\delete-movie\delete-movie.component.js.map
C:\keka_intern_files\bookmyshow\cloned\backend\ClientApp\dist\out-tsc\src\app\booking\bookseats\bookseats.component.js
C:\keka_intern_files\bookmyshow\cloned\backend\ClientApp\dist\out-tsc\src\app\booking\bookseats\bookseats.component.js.map
C:\keka_intern_files\bookmyshow\cloned\backend\ClientApp\dist\out-tsc\src\app\booking\booking-routing.module.js
C:\keka_intern_files\bookmyshow\cloned\backend\ClientApp\dist\out-tsc\src\app\booking\booking-routing.module.js.map
C:\keka_intern_files\bookmyshow\cloned\backend\ClientApp\dist\out-tsc\src\app\booking\booking.module.js
C:\keka_intern_files\bookmyshow\cloned\backend\ClientApp\dist\out-tsc\src\app\booking\booking.module.js.map
C:\keka_intern_files\bookmyshow\cloned\backend\ClientApp\dist\out-tsc\src\app\movies\movies-routing.module.js
C:\keka_intern_files\bookmyshow\cloned\backend\ClientApp\dist\out-tsc\src\app\movies\movies-routing.module.js.map
C:\keka_intern_files\bookmyshow\cloned\backend\ClientApp\dist\out-tsc\src\app\movies\movies.module.js
C:\keka_intern_files\bookmyshow\cloned\backend\ClientApp\dist\out-tsc\src\app\movies\movies.module.js.map
C:\keka_intern_files\bookmyshow\cloned\backend\ClientApp\dist\out-tsc\src\app\forms\login\login.component.js
C:\keka_intern_files\bookmyshow\cloned\backend\ClientApp\dist\out-tsc\src\app\forms\login\login.component.js.map
C:\keka_intern_files\bookmyshow\cloned\backend\ClientApp\dist\out-tsc\src\app\forms\forms-routing.module.js
C:\keka_intern_files\bookmyshow\cloned\backend\ClientApp\dist\out-tsc\src\app\forms\forms-routing.module.js.map
C:\keka_intern_files\bookmyshow\cloned\backend\ClientApp\dist\out-tsc\src\app\forms\forms.module.js
C:\keka_intern_files\bookmyshow\cloned\backend\ClientApp\dist\out-tsc\src\app\forms\forms.module.js.map
C:\keka_intern_files\bookmyshow\cloned\backend\ClientApp\dist\out-tsc\src\app\tickets\tickets\tickets.component.js
C:\keka_intern_files\bookmyshow\cloned\backend\ClientApp\dist\out-tsc\src\app\tickets\tickets\tickets.component.js.map
C:\keka_intern_files\bookmyshow\cloned\backend\ClientApp\dist\out-tsc\src\app\tickets\tickets-routing.module.js
C:\keka_intern_files\bookmyshow\cloned\backend\ClientApp\dist\out-tsc\src\app\tickets\tickets-routing.module.js.map
C:\keka_intern_files\bookmyshow\cloned\backend\ClientApp\dist\out-tsc\src\app\tickets\tickets.module.js
C:\keka_intern_files\bookmyshow\cloned\backend\ClientApp\dist\out-tsc\src\app\tickets\tickets.module.js.map
C:\keka_intern_files\bookmyshow\cloned\backend\ClientApp\dist\out-tsc\src\app\admin-panel\users\users.component.js
C:\keka_intern_files\bookmyshow\cloned\backend\ClientApp\dist\out-tsc\src\app\admin-panel\users\users.component.js.map
C:\keka_intern_files\bookmyshow\cloned\backend\ClientApp\dist\out-tsc\src\app\admin-panel\admin-login\admin-login.component.js
C:\keka_intern_files\bookmyshow\cloned\backend\ClientApp\dist\out-tsc\src\app\admin-panel\admin-login\admin-login.component.js.map
C:\keka_intern_files\bookmyshow\cloned\backend\ClientApp\dist\out-tsc\src\app\admin-panel\admin-panel-routing.module.js
C:\keka_intern_files\bookmyshow\cloned\backend\ClientApp\dist\out-tsc\src\app\admin-panel\admin-panel-routing.module.js.map
C:\keka_intern_files\bookmyshow\cloned\backend\ClientApp\dist\out-tsc\src\app\admin-panel\admin-panel.module.js
C:\keka_intern_files\bookmyshow\cloned\backend\ClientApp\dist\out-tsc\src\app\admin-panel\admin-panel.module.js.map
C:\keka_intern_files\bookmyshow\cloned\backend\ClientApp\dist\out-tsc\src\app\app-routing.module.js
C:\keka_intern_files\bookmyshow\cloned\backend\ClientApp\dist\out-tsc\src\app\app-routing.module.js.map
C:\keka_intern_files\bookmyshow\cloned\backend\ClientApp\dist\out-tsc\src\app\app.component.js
C:\keka_intern_files\bookmyshow\cloned\backend\ClientApp\dist\out-tsc\src\app\app.component.js.map
C:\keka_intern_files\bookmyshow\cloned\backend\ClientApp\dist\out-tsc\src\app\header\header.component.js
C:\keka_intern_files\bookmyshow\cloned\backend\ClientApp\dist\out-tsc\src\app\header\header.component.js.map
C:\keka_intern_files\bookmyshow\cloned\backend\ClientApp\dist\out-tsc\src\app\app.module.js
C:\keka_intern_files\bookmyshow\cloned\backend\ClientApp\dist\out-tsc\src\app\app.module.js.map
C:\keka_intern_files\bookmyshow\cloned\backend\ClientApp\dist\out-tsc\src\environments\environment.js
C:\keka_intern_files\bookmyshow\cloned\backend\ClientApp\dist\out-tsc\src\environments\environment.js.map
C:\keka_intern_files\bookmyshow\cloned\backend\ClientApp\dist\out-tsc\src\main.js
C:\keka_intern_files\bookmyshow\cloned\backend\ClientApp\dist\out-tsc\src\main.js.map
C:\keka_intern_files\bookmyshow\cloned\backend\ClientApp\dist\out-tsc\src\polyfills.js
C:\keka_intern_files\bookmyshow\cloned\backend\ClientApp\dist\out-tsc\src\polyfills.js.map
C:\keka_intern_files\bookmyshow\cloned\backend\ClientApp\dist\out-tsc\src\test.js
C:\keka_intern_files\bookmyshow\cloned\backend\ClientApp\dist\out-tsc\src\test.js.map
C:\keka_intern_files\bookmyshow\cloned\backend\ClientApp\dist\out-tsc\src\environments\environment.prod.js
C:\keka_intern_files\bookmyshow\cloned\backend\ClientApp\dist\out-tsc\src\environments\environment.prod.js.map
